<?xml version="1.0" encoding="UTF-8"?>
<!-- Generated by org.testng.reporters.JUnitReportReporter -->
<testsuite hostname="USBLRRAGHVR1" failures="0" tests="1" name="CucumberTestNGRunner.TestNGTestRunner" time="21.634" errors="0" timestamp="2023-03-07T00:28:29 IST" skipped="0">
  <testcase classname="CucumberTestNGRunner.TestNGTestRunner" name="runScenario" time="21.634"/>
  <system-out/>
</testsuite> <!-- CucumberTestNGRunner.TestNGTestRunner -->
