<?xml version="1.0" encoding="UTF-8"?>
<!-- Generated by org.testng.reporters.JUnitReportReporter -->
<testsuite hostname="USBLRRAGHVR1" failures="0" tests="1" name="rahulshettyacademy.SeleniumFrameworkDesign.StandAloneTest" time="17.183" errors="0" timestamp="2023-02-26T09:28:35 IST" skipped="0">
  <testcase classname="rahulshettyacademy.SeleniumFrameworkDesign.StandAloneTest" name="e2eTest" time="17.183"/>
  <system-out/>
</testsuite> <!-- rahulshettyacademy.SeleniumFrameworkDesign.StandAloneTest -->
