<?xml version="1.0" encoding="UTF-8"?>
<!-- Generated by org.testng.reporters.JUnitReportReporter -->
<testsuite hostname="USBLRRAGHVR1" failures="0" tests="1" name="TestComponents.BaseTest" time="0.013" errors="0" timestamp="2023-03-05T20:33:49 IST" skipped="0">
  <testcase classname="TestComponents.BaseTest" name="peakElement" time="0.013"/>
  <system-out/>
</testsuite> <!-- TestComponents.BaseTest -->
