<?xml version="1.0" encoding="UTF-8"?>
<!-- Generated by org.testng.reporters.JUnitReportReporter -->
<testsuite hostname="USBLRRAGHVR1" failures="0" tests="2" name="AutoSortAndPageinationConcepts.AutoSortAndPageniation" time="15.475" errors="0" timestamp="2023-03-06T00:45:58 IST" skipped="0">
  <testcase classname="AutoSortAndPageinationConcepts.AutoSortAndPageniation" name="filterFunctionalityTest" time="7.403"/>
  <system-out/>
  <testcase classname="AutoSortAndPageinationConcepts.AutoSortAndPageniation" name="autoSortAndPaginationDemo" time="8.072"/>
  <system-out/>
</testsuite> <!-- AutoSortAndPageinationConcepts.AutoSortAndPageniation -->
